----------------------------------------------------------
new log session
date:				05/08/23
time:				19:53:48
----------------------------------------------------------
STVP_CmdLine version 1.6

Verbose ON
Log activity ON
Display Progress ON
Message box warning if protect option byte ON
Loop mode OFF
Erase device OFF
Blank check device OFF
Verify device ON

Configuration:
BoardName=ST-LINK ST-LINK_ID=0 Device=STM8L051x3 Port=USB ProgMode=SWIM

>>> Filling PROGRAM MEMORY image in computer with Blank Value
<<< Filling PROGRAM MEMORY image in computer succeeds

>>> Loading file ./user/output/sc1086.hex in PROGRAM MEMORY image in computer
<<< Loading file succeeds

>>> Programming PROGRAM MEMORY
Cut Version and Revision of device: 1.1
<<< Programming PROGRAM MEMORY succeeds

>>> Verifying PROGRAM MEMORY
Cut Version and Revision of device: 1.1
<<< Verifying PROGRAM MEMORY succeeds
